<?xml version="1.0" encoding="UTF-8"?>
<testsuite xmlns:xsi="http://www.w3.org/2001/XMLSchema-instance" xsi:noNamespaceSchemaLocation="https://maven.apache.org/surefire/maven-surefire-plugin/xsd/surefire-test-report-3.0.xsd" version="3.0" name="com.hellotravel.start.OfflineAssemblyTest" time="3.586" tests="1" errors="0" skipped="0" failures="0">
  <properties>
[...]
</properties>
  <testcase name="realWiringIncludesDomainAndModelGraph" classname="com.hellotravel.start.OfflineAssemblyTest" time="0.01">
    <system-out><![CDATA[16:02:37.229 [main] INFO org.springframework.test.context.support.AnnotationConfigContextLoaderUtils -- Could not detect default configuration classes for test class [com.hellotravel.start.OfflineAssemblyTest]: OfflineAssemblyTest does not declare any static, non-private, non-final, nested classes annotated with @Configuration.
16:02:37.507 [main] INFO org.springframework.boot.test.context.SpringBootTestContextBootstrapper -- Found @SpringBootConfiguration com.hellotravel.start.Application for test class com.hellotravel.start.OfflineAssemblyTest

  .   ____          _            __ _ _
 /\\ / ___'_ __ _ _(_)_ __  __ _ \ \ \ \
( ( )\___ | '_ | '_| | '_ \/ _` | \ \ \ \
 \\/  ___)| |_)| | | | | || (_| |  ) ) ) )
  '  |____| .__|_| |_|_| |_\__, | / / / /
 =========|_|==============|___/=/_/_/_/

 :: Spring Boot ::               (v3.5.16)

2026-09-18T16:02:38.250+08:00  INFO 6776 --- [hello-travel] [           main] c.hellotravel.start.OfflineAssemblyTest  : Starting OfflineAssemblyTest using Java 17.0.19 with PID 6776 (started by monkey in /Users/monkey/Documents/kit/workspace/hello-travel/hello-travel-start)
2026-09-18T16:02:38.251+08:00  INFO 6776 --- [hello-travel] [           main] c.hellotravel.start.OfflineAssemblyTest  : No active profile set, falling back to 1 default profile: "default"
2026-09-18T16:02:39.311+08:00  INFO 6776 --- [hello-travel] [           main] .s.d.r.c.RepositoryConfigurationDelegate : Multiple Spring Data modules found, entering strict repository configuration mode
2026-09-18T16:02:39.312+08:00  INFO 6776 --- [hello-travel] [           main] .s.d.r.c.RepositoryConfigurationDelegate : Bootstrapping Spring Data Redis repositories in DEFAULT mode.
2026-09-18T16:02:39.335+08:00  INFO 6776 --- [hello-travel] [           main] .s.d.r.c.RepositoryConfigurationDelegate : Finished Spring Data repository scanning in 10 ms. Found 0 Redis repository interfaces.
 _ _   |_  _ _|_. ___ _ |    _ 
| | |\/|_)(_| | |_\  |_)||_|_\ 
     /               |         
                        null 
2026-09-18T16:02:40.391+08:00  INFO 6776 --- [hello-travel] [           main] b.m.s.MybatisPlusApplicationContextAware : Register ApplicationContext instances org.springframework.context.annotation.AnnotationConfigApplicationContext@2199e845
2026-09-18T16:02:40.609+08:00  INFO 6776 --- [hello-travel] [           main] c.hellotravel.start.OfflineAssemblyTest  : Started OfflineAssemblyTest in 2.78 seconds (process running for 6.361)
]]></system-out>
  </testcase>
</testsuite>